<?xml version="1.0" encoding="UTF-8"?>
<!-- Generated by org.testng.reporters.JUnitXMLReporter -->
<testsuite ignored="0" hostname="C107" failures="0" tests="3" name="day-14-github-actions" time="10.848" errors="0" timestamp="2023-03-27T16:06:57 ICT">
  <testcase classname="day14.GithubActionsTest" name="chromeBrowserTest" time="4.151"/>
  <testcase classname="day14.GithubActionsTest" name="edgeBrowserTest" time="3.085"/>
  <testcase classname="day14.GithubActionsTest" name="firefoxBrowserTest" time="3.584"/>
</testsuite> <!-- day-14-github-actions -->
