<?xml version="1.0" encoding="UTF-8"?>
<!-- Generated by org.testng.reporters.JUnitXMLReporter -->
<testsuite ignored="0" hostname="C107" failures="0" tests="3" name="demo test" time="26.496" errors="0" timestamp="2023-03-27T15:24:51 ICT">
  <testcase classname="day14.GithubActionsTest" name="chromeBrowserTest" time="7.084"/>
  <testcase classname="day14.GithubActionsTest" name="edgeBrowserTest" time="7.157"/>
  <testcase classname="day14.GithubActionsTest" name="firefoxBrowserTest" time="12.223"/>
</testsuite> <!-- demo test -->
