<?xml version="1.0" encoding="UTF-8"?>
<!-- Generated by org.testng.reporters.JUnitXMLReporter -->
<testsuite ignored="0" hostname="C107" failures="0" tests="3" name="demo test" time="11.197" errors="0" timestamp="2023-03-27T15:41:34 ICT">
  <testcase classname="day14.GithubActionsTest" name="chromeBrowserTest" time="3.877"/>
  <testcase classname="day14.GithubActionsTest" name="edgeBrowserTest" time="3.625"/>
  <testcase classname="day14.GithubActionsTest" name="firefoxBrowserTest" time="3.669"/>
</testsuite> <!-- demo test -->
