<?xml version="1.0" encoding="UTF-8"?>
<!-- Generated by org.testng.reporters.JUnitXMLReporter -->
<testsuite ignored="0" hostname="C107" failures="0" tests="3" name="Command line test" time="14.648" errors="0" timestamp="2023-03-27T11:38:56 ICT">
  <testcase classname="day1.FirstTest" name="chromeBrowserTest" time="7.168"/>
  <testcase classname="day1.FirstTest" name="edgeBrowserTest" time="3.488"/>
  <testcase classname="day1.FirstTest" name="firefoxBrowserTest" time="3.962"/>
</testsuite> <!-- Command line test -->
