<?xml version="1.0" encoding="UTF-8"?>
<!-- Generated by org.testng.reporters.JUnitXMLReporter -->
<testsuite ignored="1" hostname="C107" failures="0" tests="2" name="Command line test" time="8.852" errors="0" timestamp="2023-03-27T09:14:23 ICT">
  <testcase classname="day1.FirstTest" name="edgeBrowserTest" time="4.744"/>
  <testcase classname="day1.FirstTest" name="firefoxBrowserTest" time="4.073"/>
  <testcase classname="day1.FirstTest" name="chromeBrowserTest" time="0.0">
    <ignored/>
  </testcase> <!-- chromeBrowserTest -->
</testsuite> <!-- Command line test -->
