<?xml version="1.0" encoding="UTF-8"?>
<testng-results ignored="0" total="3" passed="3" failed="0" skipped="0">
  <reporter-output>
  </reporter-output>
  <suite started-at="2023-03-27T15:24:25 ICT" name="Demo test suite" finished-at="2023-03-27T15:24:51 ICT" duration-ms="26496">
    <groups>
    </groups>
    <test started-at="2023-03-27T15:24:25 ICT" name="demo test" finished-at="2023-03-27T15:24:51 ICT" duration-ms="26496">
      <class name="day14.GithubActionsTest">
        <test-method is-config="true" signature="beforeEachClass()[pri:0, instance:day14.GithubActionsTest@609db43b]" started-at="2023-03-27T15:24:25 ICT" name="beforeEachClass" finished-at="2023-03-27T15:24:25 ICT" duration-ms="5" status="PASS">
          <reporter-output>
          </reporter-output>
        </test-method> <!-- beforeEachClass -->
        <test-method signature="chromeBrowserTest()[pri:0, instance:day14.GithubActionsTest@609db43b]" started-at="2023-03-27T15:24:25 ICT" name="chromeBrowserTest" finished-at="2023-03-27T15:24:32 ICT" duration-ms="7084" status="PASS">
          <reporter-output>
          </reporter-output>
        </test-method> <!-- chromeBrowserTest -->
        <test-method signature="edgeBrowserTest()[pri:0, instance:day14.GithubActionsTest@609db43b]" started-at="2023-03-27T15:24:32 ICT" name="edgeBrowserTest" finished-at="2023-03-27T15:24:39 ICT" duration-ms="7157" status="PASS">
          <reporter-output>
          </reporter-output>
        </test-method> <!-- edgeBrowserTest -->
        <test-method signature="firefoxBrowserTest()[pri:0, instance:day14.GithubActionsTest@609db43b]" started-at="2023-03-27T15:24:39 ICT" name="firefoxBrowserTest" finished-at="2023-03-27T15:24:51 ICT" duration-ms="12223" status="PASS">
          <reporter-output>
          </reporter-output>
        </test-method> <!-- firefoxBrowserTest -->
        <test-method is-config="true" signature="afterEachClass()[pri:0, instance:day14.GithubActionsTest@609db43b]" started-at="2023-03-27T15:24:51 ICT" name="afterEachClass" finished-at="2023-03-27T15:24:51 ICT" duration-ms="1" status="PASS">
          <reporter-output>
          </reporter-output>
        </test-method> <!-- afterEachClass -->
      </class> <!-- day14.GithubActionsTest -->
    </test> <!-- demo test -->
  </suite> <!-- Demo test suite -->
</testng-results>
