<?xml version="1.0" encoding="UTF-8"?>
<testng-results ignored="1" total="3" passed="2" failed="0" skipped="0">
  <reporter-output>
  </reporter-output>
  <suite started-at="2023-03-27T09:14:14 ICT" name="day1.FirstTest" finished-at="2023-03-27T09:14:23 ICT" duration-ms="8852">
    <groups>
    </groups>
    <test started-at="2023-03-27T09:14:14 ICT" name="Command line test" finished-at="2023-03-27T09:14:23 ICT" duration-ms="8852">
      <class name="day1.FirstTest">
        <test-method is-config="true" signature="beforeEachClass()[pri:0, instance:day1.FirstTest@40a4337a]" started-at="2023-03-27T09:14:14 ICT" name="beforeEachClass" finished-at="2023-03-27T09:14:14 ICT" duration-ms="5" status="PASS">
          <reporter-output>
          </reporter-output>
        </test-method> <!-- beforeEachClass -->
        <test-method signature="edgeBrowserTest()[pri:0, instance:day1.FirstTest@40a4337a]" started-at="2023-03-27T09:14:14 ICT" name="edgeBrowserTest" finished-at="2023-03-27T09:14:19 ICT" duration-ms="4744" status="PASS">
          <reporter-output>
          </reporter-output>
        </test-method> <!-- edgeBrowserTest -->
        <test-method signature="firefoxBrowserTest()[pri:0, instance:day1.FirstTest@40a4337a]" started-at="2023-03-27T09:14:19 ICT" name="firefoxBrowserTest" finished-at="2023-03-27T09:14:23 ICT" duration-ms="4073" status="PASS">
          <reporter-output>
          </reporter-output>
        </test-method> <!-- firefoxBrowserTest -->
        <test-method is-config="true" signature="afterEachClass()[pri:0, instance:day1.FirstTest@40a4337a]" started-at="2023-03-27T09:14:23 ICT" name="afterEachClass" finished-at="2023-03-27T09:14:23 ICT" duration-ms="1" status="PASS">
          <reporter-output>
          </reporter-output>
        </test-method> <!-- afterEachClass -->
      </class> <!-- day1.FirstTest -->
    </test> <!-- Command line test -->
  </suite> <!-- day1.FirstTest -->
</testng-results>
